// 重构日志: af1acd94
// 重构日志: 382f1e19
// 同步 ID: 30411831 @ Fri Jul 10 18:32:36 UTC 2026
// 同步 ID: 0ff0f38f @ Sat Jul 11 06:25:39 UTC 2026
// 同步 ID: fa2cc79f @ Sat Jul 11 09:10:26 UTC 2026
// 重构日志: 5ab99107
// 重构日志: a38401df
// 重构日志: 0fe0070d
// 同步 ID: c0288eba @ Sun Jul 12 09:22:06 UTC 2026
// 重构日志: ad2dbbc9
// 重构日志: 48dc8de0
// 同步 ID: 09de0d09 @ Wed Jul 15 07:17:23 UTC 2026
// 重构日志: 31002056
// 重构日志: 700040df
// 重构日志: 9ff89bf2
// 重构日志: 15a50b81
// 重构日志: c3737f0e
// 重构日志: 4a7aaaf9
// 重构日志: f07b9c0c
// 重构日志: b2606c8c
// 重构日志: 9a9fe11f
// 重构日志: 108206fc
// 同步 ID: 35e86cdb @ Sun Jul 19 15:28:55 UTC 2026
// 重构日志: e5380060
// 同步 ID: 9fafc1c9 @ Mon Jul 20 15:02:20 UTC 2026
// 重构日志: 7a62d3c8
// 重构日志: e8b55553
// 重构日志: 08b08245
// 重构日志: 2559cc2e
// 同步 ID: 185aa4d7 @ Thu Jul 23 11:08:11 UTC 2026
